Added Component: Designator=D1(FP-DO-213AA-MFG)
Added Component: Designator=D2-4Ohm(FP-100AD-IPC_A)
Added Component: Designator=D2(FP-403A-03-MFG)
Added Component: Designator=D3(FP-95400-MFG)
Added Component: Designator=D4(FP-95400-MFG)
Added Component: Designator=D5(FP-DO-213AA-MFG)
Added Component: Designator=D6(FP-95400-MFG)
Added Component: Designator=D7(FP-DO-213AA-MFG)
Added Component: Designator=Q1(FP-PG-TO220-3-MFG)
Added Component: Designator=Q2(ONSC-TO-225-3-77-09)
Added Component: Designator=Q3(FP-PG-TO220-3-MFG)
Added Component: Designator=R18(RESC3116X65X40ML10T20)
Added Component: Designator=R33(RESC3116X65X40ML10T20)
Added Component: Designator=U1(SOIC127P600X175-16N)
Add component (AddParameter): Name = "Arrow Part Number"; Value = "IRS2092STRPBF"; VariantName = "[No Variations]"
Add component (AddParameter): Name = "Arrow Price/Stock"; Value = "https://www.arrow.com/en/products/irs2092strpbf/infineon-technologies-ag?region=nac"; VariantName = "[No Variations]"
Add component (AddParameter): Name = "Datasheet Link"; Value = "https://www.infineon.com/dgdl/irs2092.pdf?fileId=5546d462533600a401535675f1be2790"; VariantName = "[No Variations]"
Add component (AddParameter): Name = "Height"; Value = "1.75mm"; VariantName = "[No Variations]"
Add component (AddParameter): Name = "Manufacturer_Name"; Value = "Infineon"; VariantName = "[No Variations]"
Add component (AddParameter): Name = "Manufacturer_Part_Number"; Value = "IRS2092STRPBF"; VariantName = "[No Variations]"
Add component (AddParameter): Name = "Mouser Part Number"; Value = "942-IRS2092STRPBF"; VariantName = "[No Variations]"
Add component (AddParameter): Name = "Mouser Price/Stock"; Value = "https://www.mouser.co.uk/ProductDetail/Infineon-Technologies/IRS2092STRPBF?qs=9%252BKlkBgLFf05m7YE8gkORQ%3D%3D"; VariantName = "[No Variations]"
Added Net: Name=NetQ1_1
Added Net: Name=NetQ3_1
Added Pin To Net: NetName=NetR18_1 Pin=U1-14
Added Net: Name=NetR18_1
Added Pin To Net: NetName=NetR33_1 Pin=U1-11
Added Net: Name=NetR33_1
Added Class: Name=СхемаПолумостовая
